生成启动时间为 2019/10/16 21:58:58。
     1>项目“D:\study\code\leetcode\leetcode\leetcode.vcxproj”在节点 2 上(Build 个目标)。
     1>ClCompile:
         D:\study\vs2015\VC\bin\x86_amd64\CL.exe /c /ZI /nologo /W3 /WX- /sdl /Od /D _DEBUG /D _CONSOLE /D _UNICODE /D UNICODE /Gm /EHsc /RTC1 /MDd /GS /fp:precise /Zc:wchar_t /Zc:forScope /Zc:inline /Fo"x64\Debug\\" /Fd"x64\Debug\vc140.pdb" /Gd /TP /errorReport:prompt test.cpp
         test.cpp
       Link:
         D:\study\vs2015\VC\bin\x86_amd64\link.exe /ERRORREPORT:PROMPT /OUT:"D:\study\code\leetcode\x64\Debug\leetcode.exe" /INCREMENTAL /NOLOGO kernel32.lib user32.lib gdi32.lib winspool.lib comdlg32.lib advapi32.lib shell32.lib ole32.lib oleaut32.lib uuid.lib odbc32.lib odbccp32.lib /MANIFEST /MANIFESTUAC:"level='asInvoker' uiAccess='false'" /manifest:embed /Debug /PDB:"D:\study\code\leetcode\x64\Debug\leetcode.pdb" /SUBSYSTEM:CONSOLE /TLBID:1 /DYNAMICBASE /NXCOMPAT /IMPLIB:"D:\study\code\leetcode\x64\Debug\leetcode.lib" /MACHINE:X64 x64\Debug\1009A.obj
         x64\Debug\1009B.obj
         x64\Debug\100A.obj
         "x64\Debug\1021-1.obj"
         x64\Debug\1021.obj
         x64\Debug\1021B.obj
         x64\Debug\1029B.obj
         x64\Debug\1030A2.obj
         x64\Debug\1046A.obj
         x64\Debug\1051AB.obj
         x64\Debug\+1078A.obj
         x64\Debug\1078A1.obj
         x64\Debug\1078B.obj
         x64\Debug\1089A.obj
         x64\Debug\1103B.obj
         "x64\Debug\1108-1.obj"
         x64\Debug\1108.obj
         x64\Debug\1122A1.obj
         x64\Debug\1122A2.obj
         x64\Debug\1122B.obj
         x64\Debug\1130A.obj
         x64\Debug\+1130A1.obj
         x64\Debug\1130B.obj
         x64\Debug\1137B1.obj
         x64\Debug\1137B2.obj
         x64\Debug\1147A1.obj
         x64\Debug\1170B.obj
         x64\Debug\1170B1.obj
         x64\Debug\118A.obj
         x64\Debug\118B.obj
         x64\Debug\119B.obj
         x64\Debug\122A.obj
         x64\Debug\122B.obj
         x64\Debug\13.obj
         x64\Debug\136B.obj
         x64\Debug\169A.obj
         x64\Debug\169B.obj
         x64\Debug\171B.obj
         x64\Debug\191A.obj
         x64\Debug\1046B.obj
         x64\Debug\191B.obj
         x64\Debug\202A.obj
         x64\Debug\202B.obj
         x64\Debug\206A.obj
         "x64\Debug\206递归解法.obj"
         x64\Debug\21A.obj
         x64\Debug\232B.obj
         x64\Debug\235A.obj
         x64\Debug\242B.obj
         x64\Debug\258A.obj
         x64\Debug\258B.obj
         x64\Debug\+389A.obj
         x64\Debug\268A.obj
         x64\Debug\268b.obj
         x64\Debug\27A.obj
         x64\Debug\27A1.obj
         x64\Debug\27B.obj
         x64\Debug\283A.obj
         x64\Debug\283B.obj
         x64\Debug\303A.obj
         x64\Debug\349A.obj
         x64\Debug\349B.obj
         x64\Debug\80A.obj
         x64\Debug\80B.obj
         x64\Debug\860B.obj
         x64\Debug\389A2.obj
         x64\Debug\389B.obj
         x64\Debug\38B.obj
         x64\Debug\412B.obj
         x64\Debug\447B.obj
         x64\Debug\447B1.obj
         x64\Debug\447B2.obj
         x64\Debug\448A.obj
         x64\Debug\448B.obj
         x64\Debug\453B.obj
         x64\Debug\453B1.obj
         x64\Debug\463A0.obj
         x64\Debug\463A1.obj
         x64\Debug\463B.obj
         x64\Debug\476B.obj
         x64\Debug\+496A.obj
         x64\Debug\485A.obj
         x64\Debug\485B.obj
         x64\Debug\496B.obj
         x64\Debug\500.obj
         x64\Debug\509A.obj
         x64\Debug\509B.obj
         x64\Debug\520A.obj
         x64\Debug\520B.obj
         x64\Debug\521B.obj
         x64\Debug\538B.obj
         x64\Debug\557B.obj
         x64\Debug\561A.obj
         x64\Debug\561B.obj
         x64\Debug\566.obj
         x64\Debug\575A1.obj
         x64\Debug\575A2.obj
         x64\Debug\575B.obj
         x64\Debug\577A.obj
         x64\Debug\577A2.obj
         x64\Debug\+637A.obj
         x64\Debug\657A.obj
         x64\Debug\657B.obj
         x64\Debug\461B.obj
         x64\Debug\+682A.obj
         x64\Debug\690A.obj
         x64\Debug\690B.obj
         x64\Debug\693B.obj
         x64\Debug\748A.obj
         x64\Debug\748B.obj
         x64\Debug\892A.obj
         x64\Debug\953B.obj
         x64\Debug\709.obj
         x64\Debug\728B.obj
         x64\Debug\762A.obj
         x64\Debug\762B.obj
         x64\Debug\788A.obj
         x64\Debug\788A1.obj
         x64\Debug\788B.obj
         x64\Debug\804A.obj
         x64\Debug\804B.obj
         x64\Debug\806A.obj
         x64\Debug\806B.obj
         x64\Debug\812B.obj
         x64\Debug\821A.obj
         x64\Debug\821B.obj
         x64\Debug\824A.obj
         x64\Debug\824B.obj
         x64\Debug\832A.obj
         x64\Debug\832B.obj
         x64\Debug\+852A.obj
         x64\Debug\852B.obj
         x64\Debug\867A.obj
         x64\Debug\867B.obj
         x64\Debug\+884A.obj
         x64\Debug\973.obj
         x64\Debug\973A.obj
         x64\Debug\976B.obj
         x64\Debug\976B1.obj
         x64\Debug\9A.obj
         x64\Debug\9B.obj
         "x64\Debug\？868A.obj"
         x64\Debug\868B.obj
         x64\Debug\883B.obj
         x64\Debug\766B.obj
         x64\Debug\1147B.obj
         x64\Debug\905A.obj
         x64\Debug\905B.obj
         x64\Debug\922A.obj
         x64\Debug\922B.obj
         x64\Debug\929A.obj
         x64\Debug\929B.obj
         x64\Debug\933a.obj
         x64\Debug\942A.obj
         "x64\Debug\944-1B.obj"
         x64\Debug\944B.obj
         x64\Debug\961A.obj
         x64\Debug\961B.obj
         x64\Debug\977A.obj
         x64\Debug\977B.obj
         x64\Debug\985A.obj
         x64\Debug\985B.obj
         x64\Debug\999A.obj
         x64\Debug\999B.obj
         x64\Debug\quicksort.obj
         x64\Debug\test.obj
         x64\Debug\xx.obj
         "x64\Debug\源.obj"
         leetcode.vcxproj -> D:\study\code\leetcode\x64\Debug\leetcode.exe
     1>已完成生成项目“D:\study\code\leetcode\leetcode\leetcode.vcxproj”(Build 个目标)的操作。

已成功生成。

已用时间 00:00:00.74
