d:\study\code\leetcode\leetcode\x64\debug\vc140.pdb
d:\study\code\leetcode\leetcode\x64\debug\vc140.idb
d:\study\code\leetcode\leetcode\x64\debug\1021-1.obj
d:\study\code\leetcode\leetcode\x64\debug\xx.obj
d:\study\code\leetcode\leetcode\x64\debug\867a.obj
d:\study\code\leetcode\leetcode\x64\debug\867b.obj
d:\study\code\leetcode\leetcode\x64\debug\905a.obj
d:\study\code\leetcode\leetcode\x64\debug\905b.obj
d:\study\code\leetcode\leetcode\x64\debug\922a.obj
d:\study\code\leetcode\leetcode\x64\debug\922b.obj
d:\study\code\leetcode\leetcode\x64\debug\929a.obj
d:\study\code\leetcode\leetcode\x64\debug\929b.obj
d:\study\code\leetcode\leetcode\x64\debug\933a.obj
d:\study\code\leetcode\leetcode\x64\debug\942a.obj
d:\study\code\leetcode\leetcode\x64\debug\944-1b.obj
d:\study\code\leetcode\leetcode\x64\debug\944b.obj
d:\study\code\leetcode\leetcode\x64\debug\961a.obj
d:\study\code\leetcode\leetcode\x64\debug\961b.obj
d:\study\code\leetcode\leetcode\x64\debug\977a.obj
d:\study\code\leetcode\leetcode\x64\debug\977b.obj
d:\study\code\leetcode\leetcode\x64\debug\999a.obj
d:\study\code\leetcode\leetcode\x64\debug\999b.obj
d:\study\code\leetcode\leetcode\x64\debug\quicksort.obj
d:\study\code\leetcode\leetcode\x64\debug\源.obj
d:\study\code\leetcode\leetcode\x64\debug\521b.obj
d:\study\code\leetcode\leetcode\x64\debug\557b.obj
d:\study\code\leetcode\leetcode\x64\debug\561a.obj
d:\study\code\leetcode\leetcode\x64\debug\561b.obj
d:\study\code\leetcode\leetcode\x64\debug\577a.obj
d:\study\code\leetcode\leetcode\x64\debug\577a2.obj
d:\study\code\leetcode\leetcode\x64\debug\657a.obj
d:\study\code\leetcode\leetcode\x64\debug\657b.obj
d:\study\code\leetcode\leetcode\x64\debug\461b.obj
d:\study\code\leetcode\leetcode\x64\debug\+682a.obj
d:\study\code\leetcode\leetcode\x64\debug\709.obj
d:\study\code\leetcode\leetcode\x64\debug\728b.obj
d:\study\code\leetcode\leetcode\x64\debug\804a.obj
d:\study\code\leetcode\leetcode\x64\debug\804b.obj
d:\study\code\leetcode\leetcode\x64\debug\821a.obj
d:\study\code\leetcode\leetcode\x64\debug\821b.obj
d:\study\code\leetcode\leetcode\x64\debug\832a.obj
d:\study\code\leetcode\leetcode\x64\debug\832b.obj
d:\study\code\leetcode\leetcode\x64\debug\+852a.obj
d:\study\code\leetcode\leetcode\x64\debug\852b.obj
d:\study\code\leetcode\leetcode\x64\debug\1021.obj
d:\study\code\leetcode\leetcode\x64\debug\1021b.obj
d:\study\code\leetcode\leetcode\x64\debug\1051ab.obj
d:\study\code\leetcode\leetcode\x64\debug\1108-1.obj
d:\study\code\leetcode\leetcode\x64\debug\1108.obj
d:\study\code\leetcode\leetcode\x64\debug\118a.obj
d:\study\code\leetcode\leetcode\x64\debug\118b.obj
d:\study\code\leetcode\leetcode\x64\debug\171b.obj
d:\study\code\leetcode\leetcode\x64\debug\206a.obj
d:\study\code\leetcode\leetcode\x64\debug\206递归解法.obj
d:\study\code\leetcode\leetcode\x64\debug\258a.obj
d:\study\code\leetcode\leetcode\x64\debug\258b.obj
d:\study\code\leetcode\leetcode\x64\debug\349a.obj
d:\study\code\leetcode\leetcode\x64\debug\349b.obj
d:\study\code\leetcode\leetcode\x64\debug\476b.obj
d:\study\code\leetcode\leetcode\x64\debug\500.obj
d:\study\code\leetcode\leetcode\x64\debug\509a.obj
d:\study\code\leetcode\leetcode\x64\debug\509b.obj
d:\study\code\leetcode\leetcode\x64\debug\762b.obj
d:\study\code\leetcode\leetcode\x64\debug\762a.obj
d:\study\code\leetcode\leetcode\x64\debug\136b.obj
d:\study\code\leetcode\leetcode\x64\debug\575b.obj
d:\study\code\leetcode\leetcode\x64\debug\575a1.obj
d:\study\code\leetcode\leetcode\x64\debug\575a2.obj
d:\study\code\leetcode\leetcode\x64\debug\463b.obj
d:\study\code\leetcode\leetcode\x64\debug\463a1.obj
d:\study\code\leetcode\leetcode\x64\debug\463a0.obj
d:\study\code\leetcode\leetcode\x64\debug\806b.obj
d:\study\code\leetcode\leetcode\x64\debug\806a.obj
d:\study\code\leetcode\leetcode\x64\debug\1078b.obj
d:\study\code\leetcode\leetcode\x64\debug\1078a.obj
d:\study\code\leetcode\leetcode\x64\debug\test.obj
d:\study\code\leetcode\leetcode\x64\debug\+1078a.obj
d:\study\code\leetcode\leetcode\x64\debug\1078a1.obj
d:\study\code\leetcode\leetcode\x64\debug\876b.obj
d:\study\code\leetcode\leetcode\x64\debug\883b.obj
d:\study\code\leetcode\leetcode\x64\debug\566.obj
d:\study\code\leetcode\leetcode\x64\debug\893.obj
d:\study\code\leetcode\leetcode\x64\debug\766b.obj
d:\study\code\leetcode\leetcode\x64\debug\1122b.obj
d:\study\code\leetcode\leetcode\x64\debug\1122a1.obj
d:\study\code\leetcode\leetcode\x64\debug\1122a2.obj
d:\study\code\leetcode\leetcode\x64\debug\412b.obj
d:\study\code\leetcode\leetcode\x64\debug\232b.obj
d:\study\code\leetcode\leetcode\x64\debug\235a.obj
d:\study\code\leetcode\leetcode\x64\debug\496b.obj
d:\study\code\leetcode\leetcode\x64\debug\+637a.obj
d:\study\code\leetcode\leetcode\x64\debug\496a.obj
d:\study\code\leetcode\leetcode\x64\debug\169b.obj
d:\study\code\leetcode\leetcode\x64\debug\+496a.obj
d:\study\code\leetcode\leetcode\x64\debug\169a.obj
d:\study\code\leetcode\leetcode\x64\debug\1103b.obj
d:\study\code\leetcode\leetcode\x64\debug\1147b.obj
d:\study\code\leetcode\leetcode\x64\debug\1147a1.obj
d:\study\code\leetcode\leetcode\x64\debug\693b.obj
d:\study\code\leetcode\leetcode\x64\debug\13.obj
d:\study\code\leetcode\leetcode\x64\debug\1130b.obj
d:\study\code\leetcode\leetcode\x64\debug\1130a.obj
d:\study\code\leetcode\leetcode\x64\debug\1030a2.obj
d:\study\code\leetcode\leetcode\x64\debug\+1130a1.obj
d:\study\code\leetcode\leetcode\x64\debug\985b.obj
d:\study\code\leetcode\leetcode\x64\debug\985a.obj
d:\study\code\leetcode\leetcode\x64\debug\868b.obj
d:\study\code\leetcode\leetcode\x64\debug\62b.obj
d:\study\code\leetcode\leetcode\x64\debug\868a.obj
d:\study\code\leetcode\leetcode\x64\debug\？868a.obj
d:\study\code\leetcode\leetcode\x64\debug\389b.obj
d:\study\code\leetcode\leetcode\x64\debug\289a.obj
d:\study\code\leetcode\leetcode\x64\debug\+389a.obj
d:\study\code\leetcode\leetcode\x64\debug\389a2.obj
d:\study\code\leetcode\leetcode\x64\debug\812b.obj
d:\study\code\leetcode\leetcode\x64\debug\884b.obj
d:\study\code\leetcode\leetcode\x64\debug\+884a.obj
d:\study\code\leetcode\leetcode\x64\debug\119b.obj
d:\study\code\leetcode\leetcode\x64\debug\191b.obj
d:\study\code\leetcode\leetcode\x64\debug\191a.obj
d:\study\code\leetcode\leetcode\x64\debug\191a1.obj
d:\study\code\leetcode\leetcode\x64\debug\1046b.obj
d:\study\code\leetcode\leetcode\x64\debug\1046a.obj
d:\study\code\leetcode\leetcode\x64\debug\824b.obj
d:\study\code\leetcode\leetcode\x64\debug\824a.obj
d:\study\code\leetcode\leetcode\x64\debug\788b.obj
d:\study\code\leetcode\leetcode\x64\debug\788a.obj
d:\study\code\leetcode\leetcode\x64\debug\788a1.obj
d:\study\code\leetcode\leetcode\x64\debug\21b.obj
d:\study\code\leetcode\leetcode\x64\debug\21a.obj
d:\study\code\leetcode\leetcode\x64\debug\21a1.obj
d:\study\code\leetcode\leetcode\x64\debug\9b.obj
d:\study\code\leetcode\leetcode\x64\debug\9a.obj
d:\study\code\leetcode\leetcode\x64\debug\283b.obj
d:\study\code\leetcode\leetcode\x64\debug\538b.obj
d:\study\code\leetcode\leetcode\x64\debug\1009b.obj
d:\study\code\leetcode\leetcode\x64\debug\283a.obj
d:\study\code\leetcode\leetcode\x64\debug\303a.obj
d:\study\code\leetcode\leetcode\x64\debug\1009a.obj
d:\study\code\leetcode\leetcode\x64\debug\27b.obj
d:\study\code\leetcode\leetcode\x64\debug\27a.obj
d:\study\code\leetcode\leetcode\x64\debug\27a1.obj
d:\study\code\leetcode\leetcode\x64\debug\953b.obj
d:\study\code\leetcode\leetcode\x64\debug\1137b.obj
d:\study\code\leetcode\leetcode\x64\debug\1137b1.obj
d:\study\code\leetcode\leetcode\x64\debug\1137b2.obj
d:\study\code\leetcode\leetcode\x64\debug\242b.obj
d:\study\code\leetcode\leetcode\x64\debug\122b.obj
d:\study\code\leetcode\leetcode\x64\debug\122a.obj
d:\study\code\leetcode\leetcode\x64\debug\1089a.obj
d:\study\code\leetcode\leetcode\x64\debug\202b.obj
d:\study\code\leetcode\leetcode\x64\debug\202a.obj
d:\study\code\leetcode\leetcode\x64\debug\1170b.obj
d:\study\code\leetcode\leetcode\x64\debug\1170b1.obj
d:\study\code\leetcode\leetcode\x64\debug\748b.obj
d:\study\code\leetcode\leetcode\x64\debug\748a.obj
d:\study\code\leetcode\leetcode\x64\debug\976b.obj
d:\study\code\leetcode\leetcode\x64\debug\976b1.obj
d:\study\code\leetcode\leetcode\x64\debug\100a.obj
d:\study\code\leetcode\leetcode\x64\debug\485b.obj
d:\study\code\leetcode\leetcode\x64\debug\485a.obj
d:\study\code\leetcode\leetcode\x64\debug\892b.obj
d:\study\code\leetcode\leetcode\x64\debug\892a.obj
d:\study\code\leetcode\leetcode\x64\debug\447b.obj
d:\study\code\leetcode\leetcode\x64\debug\447b1.obj
d:\study\code\leetcode\leetcode\x64\debug\447b2.obj
d:\study\code\leetcode\leetcode\x64\debug\1029b.obj
d:\study\code\leetcode\leetcode\x64\debug\690b.obj
d:\study\code\leetcode\leetcode\x64\debug\690a.obj
d:\study\code\leetcode\leetcode\x64\debug\520b.obj
d:\study\code\leetcode\x64\debug\leetcode.ilk
d:\study\code\leetcode\x64\debug\leetcode.exe
d:\study\code\leetcode\x64\debug\leetcode.pdb
d:\study\code\leetcode\leetcode\x64\debug\leetcode.tlog\cl.command.1.tlog
d:\study\code\leetcode\leetcode\x64\debug\leetcode.tlog\cl.read.1.tlog
d:\study\code\leetcode\leetcode\x64\debug\leetcode.tlog\cl.write.1.tlog
d:\study\code\leetcode\leetcode\x64\debug\leetcode.tlog\link.command.1.tlog
d:\study\code\leetcode\leetcode\x64\debug\leetcode.tlog\link.read.1.tlog
d:\study\code\leetcode\leetcode\x64\debug\leetcode.tlog\link.write.1.tlog
